#
# There is insufficient memory for the Java Runtime Environment to continue.
# Native memory allocation (malloc) failed to allocate 1956176 bytes for Chunk::new
# Possible reasons:
#   The system is out of physical RAM or swap space
#   The process is running with CompressedOops enabled, and the Java Heap may be blocking the growth of the native heap
# Possible solutions:
#   Reduce memory load on the system
#   Increase physical memory or swap space
#   Check if swap backing store is full
#   Decrease Java heap size (-Xmx/-Xms)
#   Decrease number of Java threads
#   Decrease Java thread stack sizes (-Xss)
#   Set larger code cache with -XX:ReservedCodeCacheSize=
#   JVM is running with Unscaled Compressed Oops mode in which the Java heap is
#     placed in the first 4GB address space. The Java Heap base address is the
#     maximum limit for the native heap growth. Please use -XX:HeapBaseMinAddress
#     to set the Java Heap base and to place the Java Heap above 4GB virtual address.
# This output file may be truncated or incomplete.
#
#  Out of Memory Error (allocation.cpp:389), pid=9616, tid=0x00000000000025a0
#
# JRE version: OpenJDK Runtime Environment (8.0_212-b04) (build 1.8.0_212-release-1586-b04)
# Java VM: OpenJDK 64-Bit Server VM (25.212-b04 mixed mode windows-amd64 compressed oops)
# Failed to write core dump. Minidumps are not enabled by default on client versions of Windows
#

---------------  T H R E A D  ---------------

Current thread (0x0000000016ccb000):  JavaThread "C2 CompilerThread0" daemon [_thread_in_native, id=9632, stack(0x0000000018320000,0x0000000018420000)]

Stack: [0x0000000018320000,0x0000000018420000]
[error occurred during error reporting (printing stack bounds), id 0xc0000005]

Native frames: (J=compiled Java code, j=interpreted, Vv=VM code, C=native code)


Current CompileTask:
C2:6000544 20460       4       org.gradle.api.internal.artifacts.ivyservice.resolveengine.artifact.ResolvedArtifactsGraphVisitor::getArtifacts (197 bytes)


---------------  P R O C E S S  ---------------

Java Threads: ( => current thread )
  0x0000000019418800 JavaThread "stdout" [_thread_in_native, id=9796, stack(0x00000000275d0000,0x00000000276d0000)]
  0x0000000019417000 JavaThread "stderr" [_thread_in_native, id=8496, stack(0x00000000270a0000,0x00000000271a0000)]
  0x0000000019415800 JavaThread "pool-31-thread-1" [_thread_blocked, id=2876, stack(0x0000000026fa0000,0x00000000270a0000)]
  0x0000000019416000 JavaThread "WorkerExecutor Queue Thread 2" [_thread_blocked, id=4116, stack(0x00000000268a0000,0x00000000269a0000)]
  0x0000000019419000 JavaThread "WorkerExecutor Queue" [_thread_blocked, id=2300, stack(0x0000000025fa0000,0x00000000260a0000)]
  0x0000000019417800 JavaThread "Cache worker for execution history cache (C:\Users\Admin\AndroidStudioProjects\TicTacToe\.gradle\5.6.4\executionHistory)" [_thread_blocked, id=12616, stack(0x0000000024dd0000,0x0000000024ed0000)]
  0x0000000019413000 JavaThread "Execution worker for ':' Thread 3" [_thread_blocked, id=9916, stack(0x0000000024ad0000,0x0000000024bd0000)]
  0x0000000019414800 JavaThread "Execution worker for ':' Thread 2" [_thread_blocked, id=1536, stack(0x00000000245d0000,0x00000000246d0000)]
  0x000000001940a800 JavaThread "Execution worker for ':'" [_thread_blocked, id=7704, stack(0x0000000024270000,0x0000000024370000)]
  0x0000000019411800 JavaThread "Cache worker for file content cache (C:\Users\Admin\AndroidStudioProjects\TicTacToe\.gradle\5.6.4\fileContent)" [_thread_blocked, id=9912, stack(0x0000000024170000,0x0000000024270000)]
  0x0000000019410000 JavaThread "Cache worker for Build Output Cleanup Cache (C:\Users\Admin\AndroidStudioProjects\TicTacToe\.gradle\buildOutputCleanup)" [_thread_blocked, id=1204, stack(0x0000000023d90000,0x0000000023e90000)]
  0x000000001940d000 JavaThread "pool-30-thread-1" [_thread_blocked, id=1696, stack(0x0000000022c50000,0x0000000022d50000)]
  0x000000001940e800 JavaThread "Build operations Thread 4" [_thread_blocked, id=9304, stack(0x0000000022750000,0x0000000022850000)]
  0x000000001940f000 JavaThread "Build operations Thread 3" [_thread_blocked, id=7568, stack(0x00000000213c0000,0x00000000214c0000)]
  0x000000002375f800 JavaThread "Build operations Thread 2" [_thread_blocked, id=9284, stack(0x00000000212c0000,0x00000000213c0000)]
  0x000000002375c800 JavaThread "Build operations" [_thread_blocked, id=3452, stack(0x00000000211c0000,0x00000000212c0000)]
  0x000000002375e000 JavaThread "Cache worker for cache directory md-rule (C:\Users\Admin\.gradle\caches\5.6.4\md-rule)" [_thread_blocked, id=4800, stack(0x0000000020d70000,0x0000000020e70000)]
  0x000000002375e800 JavaThread "Cache worker for cache directory md-supplier (C:\Users\Admin\.gradle\caches\5.6.4\md-supplier)" [_thread_blocked, id=11756, stack(0x000000001dc10000,0x000000001dd10000)]
  0x0000000023757000 JavaThread "Cache worker for file hash cache (C:\Users\Admin\AndroidStudioProjects\TicTacToe\.gradle\5.6.4\fileHashes)" [_thread_blocked, id=2920, stack(0x000000001c540000,0x000000001c640000)]
  0x0000000023754800 JavaThread "Thread-353" [_thread_blocked, id=11292, stack(0x000000001c240000,0x000000001c340000)]
  0x0000000023754000 JavaThread "Stdin handler" [_thread_blocked, id=8308, stack(0x000000001c140000,0x000000001c240000)]
  0x000000002375b000 JavaThread "Asynchronous log dispatcher for DefaultDaemonConnection: socket connection from /127.0.0.1:49800 to /127.0.0.1:50481" [_thread_blocked, id=4220, stack(0x000000001be40000,0x000000001bf40000)]
  0x000000002375a000 JavaThread "Cancel handler" [_thread_blocked, id=7208, stack(0x0000000001740000,0x0000000001840000)]
  0x0000000023758000 JavaThread "Handler for socket connection from /127.0.0.1:49800 to /127.0.0.1:50481" [_thread_in_native, id=2288, stack(0x0000000001640000,0x0000000001740000)]
  0x000000001940b800 JavaThread "Daemon worker Thread 11" [_thread_blocked, id=2308, stack(0x000000001bd40000,0x000000001be40000)]
  0x000000001940c000 JavaThread "Daemon Thread 11" [_thread_blocked, id=9464, stack(0x0000000001540000,0x0000000001640000)]
  0x0000000023755800 JavaThread "Cache worker for Java compile cache (C:\Users\Admin\.gradle\caches\5.6.4\javaCompile)" [_thread_blocked, id=10000, stack(0x0000000025ea0000,0x0000000025fa0000)]
  0x000000001ec9e800 JavaThread "Cache worker for file content cache (C:\Users\Admin\.gradle\caches\5.6.4\fileContent)" [_thread_blocked, id=12724, stack(0x0000000022650000,0x0000000022750000)]
  0x000000001ec9d000 JavaThread "Memory manager" [_thread_blocked, id=2072, stack(0x0000000022550000,0x0000000022650000)]
  0x000000001ec95800 JavaThread "Cache worker for execution history cache (C:\Users\Admin\.gradle\caches\5.6.4\executionHistory)" [_thread_blocked, id=11924, stack(0x0000000020ec0000,0x0000000020fc0000)]
  0x000000001a660800 JavaThread "Cache worker for journal cache (C:\Users\Admin\.gradle\caches\journal-1)" [_thread_blocked, id=1108, stack(0x000000001ca40000,0x000000001cb40000)]
  0x000000001a660000 JavaThread "File lock request listener" [_thread_in_native, id=13272, stack(0x000000001c940000,0x000000001ca40000)]
  0x000000001a689000 JavaThread "Cache worker for file hash cache (C:\Users\Admin\.gradle\caches\5.6.4\fileHashes)" [_thread_blocked, id=9548, stack(0x000000001c640000,0x000000001c740000)]
  0x000000001a5c2000 JavaThread "Daemon periodic checks" [_thread_blocked, id=13224, stack(0x000000001bc40000,0x000000001bd40000)]
  0x000000001a529000 JavaThread "Incoming local TCP Connector on port 49800" [_thread_in_native, id=3508, stack(0x000000001ba00000,0x000000001bb00000)]
  0x00000000188aa800 JavaThread "Daemon health stats" [_thread_blocked, id=12712, stack(0x000000001b3c0000,0x000000001b4c0000)]
  0x0000000018648800 JavaThread "Service Thread" daemon [_thread_blocked, id=9460, stack(0x0000000018a20000,0x0000000018b20000)]
  0x0000000016cd8000 JavaThread "C1 CompilerThread2" daemon [_thread_blocked, id=4664, stack(0x0000000018520000,0x0000000018620000)]
  0x0000000016cce800 JavaThread "C2 CompilerThread1" daemon [_thread_blocked, id=512, stack(0x0000000018420000,0x0000000018520000)]
=>0x0000000016ccb000 JavaThread "C2 CompilerThread0" daemon [_thread_in_native, id=9632, stack(0x0000000018320000,0x0000000018420000)]
  0x0000000016cd7000 JavaThread "Attach Listener" daemon [_thread_blocked, id=4644, stack(0x0000000018220000,0x0000000018320000)]
  0x0000000016cd6000 JavaThread "Signal Dispatcher" daemon [_thread_blocked, id=8220, stack(0x0000000018120000,0x0000000018220000)]
  0x000000000335b000 JavaThread "Finalizer" daemon [_thread_blocked, id=12592, stack(0x0000000017f20000,0x0000000018020000)]
  0x0000000016cb9000 JavaThread "Reference Handler" daemon [_thread_blocked, id=13040, stack(0x0000000017e20000,0x0000000017f20000)]
  0x000000000142e800 JavaThread "main" [_thread_blocked, id=9804, stack(0x00000000030d0000,0x00000000031d0000)]

Other Threads:
  0x0000000016c96800 VMThread [stack: 0x0000000017d20000,0x0000000017e20000] [id=32]
  0x0000000016d2d800 WatcherThread [stack: 0x0000000018b20000,0x0000000018c20000] [id=13204]

VM state:not at safepoint (normal execution)

VM Mutex/Monitor currently owned by a thread: None

heap address: 0x00000000a0000000, size: 1536 MB, Compressed Oops mode: 32-bit
Narrow klass base: 0x0000000000000000, Narrow klass shift: 3
Compressed class space size: 1073741824 Address: 0x0000000100000000

Heap:
 PSYoungGen      total 268288K, used 226926K [0x00000000e0000000, 0x00000000f4b00000, 0x0000000100000000)
  eden space 243712K, 83% used [0x00000000e0000000,0x00000000ec609ec0,0x00000000eee00000)
  from space 24576K, 98% used [0x00000000ef600000,0x00000000f0d91990,0x00000000f0e00000)
  to   space 47616K, 0% used [0x00000000f1c80000,0x00000000f1c80000,0x00000000f4b00000)
 ParOldGen       total 158720K, used 39552K [0x00000000a0000000, 0x00000000a9b00000, 0x00000000e0000000)
  object space 158720K, 24% used [0x00000000a0000000,0x00000000a26a0070,0x00000000a9b00000)
 Metaspace       used 90720K, capacity 96914K, committed 97240K, reserved 1134592K
  class space    used 11853K, capacity 12910K, committed 13016K, reserved 1048576K

Card table byte_map: [0x0000000012720000,0x0000000012a30000] byte_map_base: 0x0000000012220000

Marking Bits: (ParMarkBitMap*) 0x000000005e5d9f30
 Begin Bits: [0x0000000013030000, 0x0000000014830000)
 End Bits:   [0x0000000014830000, 0x0000000016030000)

Polling page: 0x00000000013f0000

CodeCache: size=245760Kb used=54901Kb max_used=54914Kb free=190858Kb
 bounds [0x0000000003360000, 0x0000000006980000, 0x0000000012360000]
 total_blobs=16968 nmethods=16100 adapters=780
 compilation: enabled

Compilation events (10 events):
Event: 6000.237 Thread 0x0000000016cd8000 20541       3       org.gradle.api.internal.artifacts.ivyservice.DefaultLenientConfiguration::access$500 (10 bytes)
Event: 6000.237 Thread 0x0000000016cd8000 nmethod 20541 0x000000000519f7d0 code [0x000000000519f940, 0x000000000519faa8]
Event: 6000.241 Thread 0x0000000016cd8000 20542       1       org.gradle.api.internal.provider.Providers$1::getOrNull (2 bytes)
Event: 6000.242 Thread 0x0000000016cd8000 nmethod 20542 0x0000000005a9c3d0 code [0x0000000005a9c520, 0x0000000005a9c630]
Event: 6000.242 Thread 0x0000000016cce800 20543       4       java.io.ObjectOutputStream::writeString (74 bytes)
Event: 6000.284 Thread 0x0000000016cce800 nmethod 20543 0x0000000005eb8b50 code [0x0000000005eb8d20, 0x0000000005eb9a30]
Event: 6000.284 Thread 0x0000000016cce800 20544       4       java.io.ObjectStreamClass::isExternalizable (9 bytes)
Event: 6000.285 Thread 0x0000000016cce800 nmethod 20544 0x000000000509ddd0 code [0x000000000509df00, 0x000000000509df78]
Event: 6000.398 Thread 0x0000000016cce800 20545 %     4       com.google.common.collect.ObjectArrays::checkElementsNotNull @ 2 (23 bytes)
Event: 6000.402 Thread 0x0000000016cce800 nmethod 20545% 0x000000000396b110 code [0x000000000396b260, 0x000000000396b438]

GC Heap History (10 events):
Event: 3762.051 GC heap before
{Heap before GC invocations=16 (full 3):
 PSYoungGen      total 318976K, used 318740K [0x00000000e0000000, 0x00000000f6d00000, 0x0000000100000000)
  eden space 289792K, 100% used [0x00000000e0000000,0x00000000f1b00000,0x00000000f1b00000)
  from space 29184K, 99% used [0x00000000f5080000,0x00000000f6cc5240,0x00000000f6d00000)
  to   space 40448K, 0% used [0x00000000f1e00000,0x00000000f1e00000,0x00000000f4580000)
 ParOldGen       total 158720K, used 33605K [0x00000000a0000000, 0x00000000a9b00000, 0x00000000e0000000)
  object space 158720K, 21% used [0x00000000a0000000,0x00000000a20d14f0,0x00000000a9b00000)
 Metaspace       used 87495K, capacity 91232K, committed 91352K, reserved 1128448K
  class space    used 11446K, capacity 12195K, committed 12248K, reserved 1048576K
Event: 3762.112 GC heap after
Heap after GC invocations=16 (full 3):
 PSYoungGen      total 310784K, used 31017K [0x00000000e0000000, 0x00000000f6500000, 0x0000000100000000)
  eden space 279552K, 0% used [0x00000000e0000000,0x00000000e0000000,0x00000000f1100000)
  from space 31232K, 99% used [0x00000000f1e00000,0x00000000f3c4a550,0x00000000f3c80000)
  to   space 41472K, 0% used [0x00000000f3c80000,0x00000000f3c80000,0x00000000f6500000)
 ParOldGen       total 158720K, used 33621K [0x00000000a0000000, 0x00000000a9b00000, 0x00000000e0000000)
  object space 158720K, 21% used [0x00000000a0000000,0x00000000a20d54f0,0x00000000a9b00000)
 Metaspace       used 87495K, capacity 91232K, committed 91352K, reserved 1128448K
  class space    used 11446K, capacity 12195K, committed 12248K, reserved 1048576K
}
Event: 3899.129 GC heap before
{Heap before GC invocations=17 (full 3):
 PSYoungGen      total 310784K, used 310569K [0x00000000e0000000, 0x00000000f6500000, 0x0000000100000000)
  eden space 279552K, 100% used [0x00000000e0000000,0x00000000f1100000,0x00000000f1100000)
  from space 31232K, 99% used [0x00000000f1e00000,0x00000000f3c4a550,0x00000000f3c80000)
  to   space 41472K, 0% used [0x00000000f3c80000,0x00000000f3c80000,0x00000000f6500000)
 ParOldGen       total 158720K, used 33621K [0x00000000a0000000, 0x00000000a9b00000, 0x00000000e0000000)
  object space 158720K, 21% used [0x00000000a0000000,0x00000000a20d54f0,0x00000000a9b00000)
 Metaspace       used 88033K, capacity 92036K, committed 92248K, reserved 1128448K
  class space    used 11483K, capacity 12263K, committed 12376K, reserved 1048576K
Event: 3899.176 GC heap after
Heap after GC invocations=17 (full 3):
 PSYoungGen      total 302592K, used 26288K [0x00000000e0000000, 0x00000000f5c80000, 0x0000000100000000)
  eden space 269824K, 0% used [0x00000000e0000000,0x00000000e0000000,0x00000000f0780000)
  from space 32768K, 80% used [0x00000000f3c80000,0x00000000f562c330,0x00000000f5c80000)
  to   space 43520K, 0% used [0x00000000f0780000,0x00000000f0780000,0x00000000f3200000)
 ParOldGen       total 158720K, used 33629K [0x00000000a0000000, 0x00000000a9b00000, 0x00000000e0000000)
  object space 158720K, 21% used [0x00000000a0000000,0x00000000a20d74f0,0x00000000a9b00000)
 Metaspace       used 88033K, capacity 92036K, committed 92248K, reserved 1128448K
  class space    used 11483K, capacity 12263K, committed 12376K, reserved 1048576K
}
Event: 3949.665 GC heap before
{Heap before GC invocations=18 (full 3):
 PSYoungGen      total 302592K, used 296112K [0x00000000e0000000, 0x00000000f5c80000, 0x0000000100000000)
  eden space 269824K, 100% used [0x00000000e0000000,0x00000000f0780000,0x00000000f0780000)
  from space 32768K, 80% used [0x00000000f3c80000,0x00000000f562c330,0x00000000f5c80000)
  to   space 43520K, 0% used [0x00000000f0780000,0x00000000f0780000,0x00000000f3200000)
 ParOldGen       total 158720K, used 33629K [0x00000000a0000000, 0x00000000a9b00000, 0x00000000e0000000)
  object space 158720K, 21% used [0x00000000a0000000,0x00000000a20d74f0,0x00000000a9b00000)
 Metaspace       used 88931K, capacity 93754K, committed 93912K, reserved 1130496K
  class space    used 11610K, capacity 12496K, committed 12504K, reserved 1048576K
Event: 3949.736 GC heap after
Heap after GC invocations=18 (full 3):
 PSYoungGen      total 282624K, used 21896K [0x00000000e0000000, 0x00000000f5080000, 0x0000000100000000)
  eden space 260608K, 0% used [0x00000000e0000000,0x00000000e0000000,0x00000000efe80000)
  from space 22016K, 99% used [0x00000000f0780000,0x00000000f1ce20a0,0x00000000f1d00000)
  to   space 41984K, 0% used [0x00000000f2780000,0x00000000f2780000,0x00000000f5080000)
 ParOldGen       total 158720K, used 33637K [0x00000000a0000000, 0x00000000a9b00000, 0x00000000e0000000)
  object space 158720K, 21% used [0x00000000a0000000,0x00000000a20d94f0,0x00000000a9b00000)
 Metaspace       used 88931K, capacity 93754K, committed 93912K, reserved 1130496K
  class space    used 11610K, capacity 12496K, committed 12504K, reserved 1048576K
}
Event: 5093.855 GC heap before
{Heap before GC invocations=19 (full 3):
 PSYoungGen      total 282624K, used 282504K [0x00000000e0000000, 0x00000000f5080000, 0x0000000100000000)
  eden space 260608K, 100% used [0x00000000e0000000,0x00000000efe80000,0x00000000efe80000)
  from space 22016K, 99% used [0x00000000f0780000,0x00000000f1ce20a0,0x00000000f1d00000)
  to   space 41984K, 0% used [0x00000000f2780000,0x00000000f2780000,0x00000000f5080000)
 ParOldGen       total 158720K, used 33637K [0x00000000a0000000, 0x00000000a9b00000, 0x00000000e0000000)
  object space 158720K, 21% used [0x00000000a0000000,0x00000000a20d94f0,0x00000000a9b00000)
 Metaspace       used 89249K, capacity 94046K, committed 94168K, reserved 1130496K
  class space    used 11613K, capacity 12496K, committed 12504K, reserved 1048576K
Event: 5094.824 GC heap after
Heap after GC invocations=19 (full 3):
 PSYoungGen      total 293888K, used 41981K [0x00000000e0000000, 0x00000000f5700000, 0x0000000100000000)
  eden space 251904K, 0% used [0x00000000e0000000,0x00000000e0000000,0x00000000ef600000)
  from space 41984K, 99% used [0x00000000f2780000,0x00000000f507f7a0,0x00000000f5080000)
  to   space 49664K, 0% used [0x00000000ef600000,0x00000000ef600000,0x00000000f2680000)
 ParOldGen       total 158720K, used 39544K [0x00000000a0000000, 0x00000000a9b00000, 0x00000000e0000000)
  object space 158720K, 24% used [0x00000000a0000000,0x00000000a269e070,0x00000000a9b00000)
 Metaspace       used 89249K, capacity 94046K, committed 94168K, reserved 1130496K
  class space    used 11613K, capacity 12496K, committed 12504K, reserved 1048576K
}
Event: 5806.547 GC heap before
{Heap before GC invocations=20 (full 3):
 PSYoungGen      total 293888K, used 293885K [0x00000000e0000000, 0x00000000f5700000, 0x0000000100000000)
  eden space 251904K, 100% used [0x00000000e0000000,0x00000000ef600000,0x00000000ef600000)
  from space 41984K, 99% used [0x00000000f2780000,0x00000000f507f7a0,0x00000000f5080000)
  to   space 49664K, 0% used [0x00000000ef600000,0x00000000ef600000,0x00000000f2680000)
 ParOldGen       total 158720K, used 39544K [0x00000000a0000000, 0x00000000a9b00000, 0x00000000e0000000)
  object space 158720K, 24% used [0x00000000a0000000,0x00000000a269e070,0x00000000a9b00000)
 Metaspace       used 89483K, capacity 94256K, committed 94424K, reserved 1130496K
  class space    used 11616K, capacity 12499K, committed 12504K, reserved 1048576K
Event: 5806.703 GC heap after
Heap after GC invocations=20 (full 3):
 PSYoungGen      total 268288K, used 24134K [0x00000000e0000000, 0x00000000f4b00000, 0x0000000100000000)
  eden space 243712K, 0% used [0x00000000e0000000,0x00000000e0000000,0x00000000eee00000)
  from space 24576K, 98% used [0x00000000ef600000,0x00000000f0d91990,0x00000000f0e00000)
  to   space 47616K, 0% used [0x00000000f1c80000,0x00000000f1c80000,0x00000000f4b00000)
 ParOldGen       total 158720K, used 39552K [0x00000000a0000000, 0x00000000a9b00000, 0x00000000e0000000)
  object space 158720K, 24% used [0x00000000a0000000,0x00000000a26a0070,0x00000000a9b00000)
 Metaspace       used 89483K, capacity 94256K, committed 94424K, reserved 1130496K
  class space    used 11616K, capacity 12499K, committed 12504K, reserved 1048576K
}

Deoptimization events (10 events):
Event: 5989.786 Thread 0x000000001940b800 Uncommon trap: reason=unstable_if action=reinterpret pc=0x000000000590c4fc method=org.gradle.internal.serialize.ExceptionReplacingObjectOutputStream.doReplaceObject(Ljava/lang/Object;)Ljava/lang/Object; @ 4
Event: 5989.798 Thread 0x000000001940b800 Uncommon trap: reason=class_check action=maybe_recompile pc=0x0000000003541d54 method=java.lang.String.equals(Ljava/lang/Object;)Z @ 8
Event: 5989.798 Thread 0x000000001940b800 Uncommon trap: reason=class_check action=maybe_recompile pc=0x0000000003541d54 method=java.lang.String.equals(Ljava/lang/Object;)Z @ 8
Event: 5989.798 Thread 0x000000001940b800 Uncommon trap: reason=class_check action=maybe_recompile pc=0x0000000003541d54 method=java.lang.String.equals(Ljava/lang/Object;)Z @ 8
Event: 5989.798 Thread 0x000000001940b800 Uncommon trap: reason=class_check action=maybe_recompile pc=0x0000000003541d54 method=java.lang.String.equals(Ljava/lang/Object;)Z @ 8
Event: 5989.802 Thread 0x000000001940b800 Uncommon trap: reason=bimorphic action=maybe_recompile pc=0x00000000055e71e0 method=java.util.concurrent.CopyOnWriteArrayList.indexOf(Ljava/lang/Object;[Ljava/lang/Object;II)I @ 46
Event: 5989.802 Thread 0x000000001940b800 Uncommon trap: reason=bimorphic action=maybe_recompile pc=0x00000000055e71e0 method=java.util.concurrent.CopyOnWriteArrayList.indexOf(Ljava/lang/Object;[Ljava/lang/Object;II)I @ 46
Event: 5989.802 Thread 0x000000001940b800 Uncommon trap: reason=bimorphic action=maybe_recompile pc=0x00000000055e71e0 method=java.util.concurrent.CopyOnWriteArrayList.indexOf(Ljava/lang/Object;[Ljava/lang/Object;II)I @ 46
Event: 5989.802 Thread 0x000000001940b800 Uncommon trap: reason=bimorphic action=maybe_recompile pc=0x00000000055e71e0 method=java.util.concurrent.CopyOnWriteArrayList.indexOf(Ljava/lang/Object;[Ljava/lang/Object;II)I @ 46
Event: 6000.236 Thread 0x0000000019413000 Uncommon trap: reason=unstable_if action=reinterpret pc=0x00000000067fe018 method=org.gradle.internal.execution.history.changes.PreviousSuccessChanges.accept(Lorg/gradle/internal/execution/history/changes/ChangeVisitor;)Z @ 4

Classes redefined (0 events):
No events

Internal exceptions (10 events):
Event: 5757.057 Thread 0x000000001940f000 Exception <a 'sun/nio/fs/WindowsException'> (0x00000000ee47ff20) thrown at [D:\src\AOSP-openjdk-cygwin\jdk8u\hotspot\src\share\vm\prims\jni.cpp, line 710]
Event: 5806.471 Thread 0x000000001940f000 Exception <a 'sun/nio/fs/WindowsException'> (0x00000000ef031830) thrown at [D:\src\AOSP-openjdk-cygwin\jdk8u\hotspot\src\share\vm\prims\jni.cpp, line 710]
Event: 5806.712 Thread 0x000000001940f000 Implicit null exception at 0x00000000036bc6c4 to 0x00000000036bd1f9
Event: 5807.516 Thread 0x000000001940f000 Implicit null exception at 0x0000000004db1183 to 0x0000000004db167d
Event: 5807.551 Thread 0x000000001940f000 Exception <a 'sun/nio/fs/WindowsException'> (0x00000000e3e788d0) thrown at [D:\src\AOSP-openjdk-cygwin\jdk8u\hotspot\src\share\vm\prims\jni.cpp, line 710]
Event: 5988.839 Thread 0x000000001940b800 Exception <a 'sun/nio/fs/WindowsException'> (0x00000000e4eead00) thrown at [D:\src\AOSP-openjdk-cygwin\jdk8u\hotspot\src\share\vm\prims\jni.cpp, line 710]
Event: 5989.718 Thread 0x0000000023754000 Exception <a 'java/io/IOException'> (0x00000000e83c18c8) thrown at [D:\src\AOSP-openjdk-cygwin\jdk8u\hotspot\src\share\vm\prims\jni.cpp, line 710]
Event: 5989.729 Thread 0x000000002375a000 Exception <a 'java/lang/reflect/InvocationTargetException'> (0x00000000e82d2770) thrown at [D:\src\AOSP-openjdk-cygwin\jdk8u\hotspot\src\share\vm\runtime\reflection.cpp, line 1092]
Event: 5989.764 Thread 0x000000001940b800 Exception <a 'sun/nio/fs/WindowsException'> (0x00000000e84e20f8) thrown at [D:\src\AOSP-openjdk-cygwin\jdk8u\hotspot\src\share\vm\prims\jni.cpp, line 710]
Event: 5999.650 Thread 0x000000001940b800 Exception <a 'sun/nio/fs/WindowsException'> (0x00000000e9214808) thrown at [D:\src\AOSP-openjdk-cygwin\jdk8u\hotspot\src\share\vm\prims\jni.cpp, line 710]

Events (10 events):
Event: 6000.236 Thread 0x0000000019413000 DEOPT UNPACKING pc=0x00000000033a557b sp=0x0000000024bce038 mode 2
Event: 6000.245 Executing VM operation: BulkRevokeBias
Event: 6000.246 Executing VM operation: BulkRevokeBias done
Event: 6000.246 Thread 0x0000000019419000 Thread added: 0x0000000019419000
Event: 6000.247 Thread 0x0000000019416000 Thread added: 0x0000000019416000
Event: 6000.265 Executing VM operation: RevokeBias
Event: 6000.266 Executing VM operation: RevokeBias done
Event: 6000.269 Thread 0x0000000019415800 Thread added: 0x0000000019415800
Event: 6000.271 Thread 0x0000000019417000 Thread added: 0x0000000019417000
Event: 6000.272 Thread 0x0000000019418800 Thread added: 0x0000000019418800


Dynamic libraries:
0x00007ff68d220000 - 0x00007ff68d251000 	C:\Program Files\Android\Android Studio1\jre\bin\java.exe
0x00007ff84bd80000 - 0x00007ff84bf70000 	C:\WINDOWS\SYSTEM32\ntdll.dll
0x00007ff84b910000 - 0x00007ff84b9c2000 	C:\WINDOWS\System32\KERNEL32.DLL
0x00007ff848e60000 - 0x00007ff849103000 	C:\WINDOWS\System32\KERNELBASE.dll
0x00007ff849e30000 - 0x00007ff849ed3000 	C:\WINDOWS\System32\ADVAPI32.dll
0x00007ff849fe0000 - 0x00007ff84a07e000 	C:\WINDOWS\System32\msvcrt.dll
0x00007ff849ee0000 - 0x00007ff849f77000 	C:\WINDOWS\System32\sechost.dll
0x00007ff84ad00000 - 0x00007ff84ae20000 	C:\WINDOWS\System32\RPCRT4.dll
0x00007ff84ab60000 - 0x00007ff84acf4000 	C:\WINDOWS\System32\USER32.dll
0x00007ff849bd0000 - 0x00007ff849bf1000 	C:\WINDOWS\System32\win32u.dll
0x00007ff84ae20000 - 0x00007ff84ae46000 	C:\WINDOWS\System32\GDI32.dll
0x00007ff8491b0000 - 0x00007ff849344000 	C:\WINDOWS\System32\gdi32full.dll
0x00007ff849110000 - 0x00007ff8491ae000 	C:\WINDOWS\System32\msvcp_win.dll
0x00007ff849350000 - 0x00007ff84944a000 	C:\WINDOWS\System32\ucrtbase.dll
0x00007ff82dda0000 - 0x00007ff82e025000 	C:\WINDOWS\WinSxS\amd64_microsoft.windows.common-controls_6595b64144ccf1df_6.0.18362.657_none_e6c5b579130e3898\COMCTL32.dll
0x00007ff84ae50000 - 0x00007ff84b186000 	C:\WINDOWS\System32\combase.dll
0x00007ff849db0000 - 0x00007ff849e30000 	C:\WINDOWS\System32\bcryptPrimitives.dll
0x00007ff84b7b0000 - 0x00007ff84b7de000 	C:\WINDOWS\System32\IMM32.DLL
0x000000005f220000 - 0x000000005f2f2000 	C:\Program Files\Android\Android Studio1\jre\jre\bin\msvcr100.dll
0x000000005de10000 - 0x000000005e656000 	C:\Program Files\Android\Android Studio1\jre\jre\bin\server\jvm.dll
0x00007ff84a770000 - 0x00007ff84a778000 	C:\WINDOWS\System32\PSAPI.DLL
0x00007ff842de0000 - 0x00007ff842de9000 	C:\WINDOWS\SYSTEM32\WSOCK32.dll
0x00007ff840c10000 - 0x00007ff840c34000 	C:\WINDOWS\SYSTEM32\WINMM.dll
0x00007ff84bb90000 - 0x00007ff84bbff000 	C:\WINDOWS\System32\WS2_32.dll
0x00007ff83f4c0000 - 0x00007ff83f4ca000 	C:\WINDOWS\SYSTEM32\VERSION.dll
0x00007ff840be0000 - 0x00007ff840c0d000 	C:\WINDOWS\SYSTEM32\WINMMBASE.dll
0x00007ff849c00000 - 0x00007ff849c4a000 	C:\WINDOWS\System32\cfgmgr32.dll
0x00007ff8419f0000 - 0x00007ff8419ff000 	C:\Program Files\Android\Android Studio1\jre\jre\bin\verify.dll
0x00007ff812630000 - 0x00007ff812659000 	C:\Program Files\Android\Android Studio1\jre\jre\bin\java.dll
0x00007fffff7f0000 - 0x00007fffff806000 	C:\Program Files\Android\Android Studio1\jre\jre\bin\zip.dll
0x00007ff84a080000 - 0x00007ff84a765000 	C:\WINDOWS\System32\SHELL32.dll
0x00007ff84b1a0000 - 0x00007ff84b249000 	C:\WINDOWS\System32\shcore.dll
0x00007ff849450000 - 0x00007ff849bcf000 	C:\WINDOWS\System32\windows.storage.dll
0x00007ff848cf0000 - 0x00007ff848d0f000 	C:\WINDOWS\System32\profapi.dll
0x00007ff848c60000 - 0x00007ff848caa000 	C:\WINDOWS\System32\powrprof.dll
0x00007ff848c50000 - 0x00007ff848c60000 	C:\WINDOWS\System32\UMPDC.dll
0x00007ff84b8b0000 - 0x00007ff84b902000 	C:\WINDOWS\System32\shlwapi.dll
0x00007ff848cb0000 - 0x00007ff848cc1000 	C:\WINDOWS\System32\kernel.appcore.dll
0x00007ff849d00000 - 0x00007ff849d17000 	C:\WINDOWS\System32\cryptsp.dll
0x00007fffff7d0000 - 0x00007fffff7ea000 	C:\Program Files\Android\Android Studio1\jre\jre\bin\net.dll
0x00007ff83bfb0000 - 0x00007ff83c186000 	C:\WINDOWS\SYSTEM32\urlmon.dll
0x00007ff83bd00000 - 0x00007ff83bfa6000 	C:\WINDOWS\SYSTEM32\iertutil.dll
0x00007ff848690000 - 0x00007ff84869c000 	C:\WINDOWS\SYSTEM32\CRYPTBASE.DLL
0x00007ff8484c0000 - 0x00007ff848527000 	C:\WINDOWS\system32\mswsock.dll
0x00007fffff7b0000 - 0x00007fffff7c3000 	C:\Program Files\Android\Android Studio1\jre\jre\bin\nio.dll
0x00007ff841960000 - 0x00007ff841986000 	C:\Users\Admin\.gradle\native\30\windows-amd64\native-platform.dll
0x00007ff822870000 - 0x00007ff82287d000 	C:\Program Files\Android\Android Studio1\jre\jre\bin\management.dll
0x00007ff848030000 - 0x00007ff848063000 	C:\WINDOWS\system32\rsaenh.dll
0x00007ff849d20000 - 0x00007ff849d46000 	C:\WINDOWS\System32\bcrypt.dll
0x00007ff848b40000 - 0x00007ff848b65000 	C:\WINDOWS\SYSTEM32\USERENV.dll
0x00007ff8481d0000 - 0x00007ff84820a000 	C:\WINDOWS\SYSTEM32\IPHLPAPI.DLL
0x00007ff84b9d0000 - 0x00007ff84b9d8000 	C:\WINDOWS\System32\NSI.dll
0x00007ff840260000 - 0x00007ff840276000 	C:\WINDOWS\SYSTEM32\dhcpcsvc6.DLL
0x00007ff840a20000 - 0x00007ff840a3c000 	C:\WINDOWS\SYSTEM32\dhcpcsvc.DLL
0x00007ff848210000 - 0x00007ff8482da000 	C:\WINDOWS\SYSTEM32\DNSAPI.dll

VM Arguments:
jvm_args: -Xmx1536m -Dfile.encoding=windows-1252 -Duser.country=IN -Duser.language=en -Duser.variant 
java_command: org.gradle.launcher.daemon.bootstrap.GradleDaemon 5.6.4
java_class_path (initial): C:\Users\Admin\.gradle\wrapper\dists\gradle-5.6.4-all\ankdp27end7byghfw1q2sw75f\gradle-5.6.4\lib\gradle-launcher-5.6.4.jar
Launcher Type: SUN_STANDARD

Environment Variables:
PATH=C:\WINDOWS\system32;C:\WINDOWS;C:\WINDOWS\System32\Wbem;C:\WINDOWS\System32\WindowsPowerShell\v1.0\;C:\WINDOWS\System32\OpenSSH\;C:\Program Files\dotnet\;C:\Program Files\Microsoft SQL Server\Client SDK\ODBC\170\Tools\Binn\;C:\Program Files (x86)\Microsoft SQL Server\110\Tools\Binn\;C:\Program Files\Microsoft SQL Server\110\Tools\Binn\;C:\Program Files\Microsoft SQL Server\110\DTS\Binn\;C:\WINDOWS\system32\config\systemprofile\.dnx\bin;C:\Program Files\Microsoft DNX\Dnvm\;C:\Users\Admin\AppData\Local\Programs\Python\Python37-32\Scripts\;C:\Users\Admin\AppData\Local\Programs\Python\Python37-32\;C:\Users\Admin\AppData\Local\Programs\MiKTeX 2.9\miktex\bin\x64\;C:\Users\Admin\AppData\Local\Microsoft\WindowsApps;;C:\Users\Admin\AppData\Local\Programs\Microsoft VS Code\bin
USERNAME=Admin
OS=Windows_NT
PROCESSOR_IDENTIFIER=Intel64 Family 6 Model 78 Stepping 3, GenuineIntel



---------------  S Y S T E M  ---------------

OS: Windows 10.0 , 64 bit Build 18362 (10.0.18362.329)

CPU:total 4 (initial active 4) (2 cores per cpu, 2 threads per core) family 6 model 78 stepping 3, cmov, cx8, fxsr, mmx, sse, sse2, sse3, ssse3, sse4.1, sse4.2, popcnt, avx, avx2, aes, clmul, erms, rtm, 3dnowpref, lzcnt, ht, tsc, tscinvbit, bmi1, bmi2, adx

Memory: 4k page, physical 8267904k(1045252k free), swap 27403900k(4204k free)

vm_info: OpenJDK 64-Bit Server VM (25.212-b04) for windows-amd64 JRE (1.8.0_212-release-1586-b04), built by "builder" with MS VC++ 10.0 (VS2010)

time: Sun Apr 12 11:44:58 2020
timezone: India Standard Time
elapsed time: 6000 seconds (0d 1h 40m 0s)

